<?xml version="1.0" encoding="UTF-8"?>
<testsuite xmlns:xsi="http://www.w3.org/2001/XMLSchema-instance" xsi:noNamespaceSchemaLocation="https://maven.apache.org/surefire/maven-surefire-plugin/xsd/surefire-test-report-3.0.xsd" version="3.0" name="runner.TestRunner" time="12.799" tests="5" errors="0" skipped="0" failures="0">
  <properties>
[...]
</properties>
  <testcase name="Given The user launch the application &quot;https://www.dbs.com.sg/personal/default.page&quot;" classname="| &quot;https://www.dbs.com.sg/personal/default.page&quot; | &quot;DBS Altitude Visa Signature Card&quot; | &quot;DBS Black Visa Card&quot; |" time="0.002">
    <system-err><![CDATA[SLF4J: Failed to load class "org.slf4j.impl.StaticLoggerBinder".
SLF4J: Defaulting to no-operation (NOP) logger implementation
SLF4J: See http://www.slf4j.org/codes.html#StaticLoggerBinder for further details.
Starting ChromeDriver 90.0.4430.24 (4c6d850f087da467d926e8eddb76550aed655991-refs/branch-heads/4430@{#429}) on port 42895
Only local connections are allowed.
Please see https://chromedriver.chromium.org/security-considerations for suggestions on keeping ChromeDriver safe.
ChromeDriver was started successfully.
May 13, 2021 12:03:34 PM org.openqa.selenium.remote.ProtocolHandshake createSession
INFO: Detected dialect: W3C
]]></system-err>
  </testcase>
  <testcase name="And I click on Cards menu" classname="| &quot;https://www.dbs.com.sg/personal/default.page&quot; | &quot;DBS Altitude Visa Signature Card&quot; | &quot;DBS Black Visa Card&quot; |" time="0"/>
  <testcase name="Then I select Credit Cards tab" classname="| &quot;https://www.dbs.com.sg/personal/default.page&quot; | &quot;DBS Altitude Visa Signature Card&quot; | &quot;DBS Black Visa Card&quot; |" time="0"/>
  <testcase name="And I select two cards &quot;DBS Altitude Visa Signature Card&quot; and &quot;DBS Black Visa Card&quot; to compare" classname="| &quot;https://www.dbs.com.sg/personal/default.page&quot; | &quot;DBS Altitude Visa Signature Card&quot; | &quot;DBS Black Visa Card&quot; |" time="0.001"/>
  <testcase name="" classname="| &quot;https://www.dbs.com.sg/personal/default.page&quot; | &quot;DBS Altitude Visa Signature Card&quot; | &quot;DBS Black Visa Card&quot; |" time="0.001"/>
</testsuite>